
=== Novo log de operações (Wed Jun 04 18:02:03 BRT 2025) ===
1. Diretório criado: documentos
2. Arquivo criado: agenda.txt
3. Conteúdo do diretório raiz listado
4. Arquivo removido: agenda.txt
5. Diretório removido: documentos
=== Fim do log ===

=== Novo log de operações (Wed Jun 04 18:04:17 BRT 2025) ===
1. Diretório criado: documentos
2. Arquivo criado: agenda.txt
3. Conteúdo do diretório raiz listado
4. Falha ao renomear: agend.txt para compromissos.txt
5. Renomeado: agenda.txt para compromissos.txt
6. Falha ao remover arquivo: comprom.txt
7. Arquivo removido: compromissos.txt
8. Falha ao remover diretório: doc
9. Diretório removido: documentos
=== Fim do log ===

=== Novo log de operações (Wed Jun 04 18:11:52 BRT 2025) ===
1. Diretório criado: documentos
2. Arquivo criado: agenda.txt
3. Conteúdo do diretório raiz listado
4. Renomeado: agenda.txt para compromissos.txt
5. Arquivo copiado: compromissos.txt para copia_compromissos.txt
6. Conteúdo do diretório raiz listado
=== Fim do log ===

=== Novo log de operações (Thu Jun 05 09:02:47 BRT 2025) ===
1. Diretório criado: documentos
2. Arquivo criado: agenda.txt
3. Diretório removido: documentos
4. Arquivo removido: agenda.txt
5. Conteúdo do diretório raiz listado
=== Fim do log ===

=== Novo log de operações (Thu Jun 05 18:25:46 BRT 2025) ===
1. Diretório criado: documentos
2. Alterado diretório para: /root/documentos
3. Diretório criado: aula
4. Alterado diretório para: /root
5. Diretório criado: secs
6. Conteúdo listado: /root
7. Alterado diretório para: /root/documentos
8. Conteúdo listado: /root/documentos
9. Alterado diretório para: /root
=== Fim do log ===
